
> property-go-jb@0.1.0 dev
> next dev --turbopack

▲ Next.js 16.1.0 (Turbopack)
- Local:         http://localhost:3000
- Network:       http://192.168.0.2:3000

✓ Starting...
✓ Ready in 1147ms
[dotenv@17.2.3] injecting env (0) from .env.local -- tip: ✅ audit secrets and track compliance: https://dotenvx.com/ops
Failed to fetch property data during render: AggregateError:
    at ignore-listed frames {
  code: 'ECONNREFUSED'
}
 GET /demo-page 200 in 2.5s (compile: 882ms, render: 1578ms)
⨯ upstream image response failed for https://images.unsplash.com/photo-1567496898905-af413988d4d2?auto=format&fit=crop&w=800&q=80 404
○ Compiling /api/auth/[...all] ...
[dotenv@17.2.3] injecting env (0) from .env.local -- tip: 🛠️  run anywhere with `dotenvx run -- yourcommand`
[2m2026-01-15T13:30:59.253Z[0m [33mWARN[0m [1m[Better Auth]:[0m [better-auth] Base URL could not be determined. Please set a valid base URL using the baseURL config option or the BETTER_AUTH_BASE_URL environment variable. Without this, callbacks and redirects may not work correctly.
[2m2026-01-15T13:30:59.256Z[0m [33mWARN[0m [1m[Better Auth]:[0m Social provider google is missing clientId or clientSecret
[dotenv@17.2.3] injecting env (0) from .env.local -- tip: 🔄 add secrets lifecycle management: https://dotenvx.com/ops
[2m2026-01-15T13:31:00.450Z[0m [33mWARN[0m [1m[Better Auth]:[0m [better-auth] Base URL could not be determined. Please set a valid base URL using the baseURL config option or the BETTER_AUTH_BASE_URL environment variable. Without this, callbacks and redirects may not work correctly.
[2m2026-01-15T13:31:00.451Z[0m [33mWARN[0m [1m[Better Auth]:[0m Social provider google is missing clientId or clientSecret
